    1  git init
    2  git add .
    3  git config --global user.email "danielsa1997@gmail.com"
    4  git add .
    5  git commit -m "Question 1"
    6  git checkout -b "Br_02"
    7  touch Outputs/Q2/out_2.txt
    8  ubuntu --version
    9  cat /etc/os-release
   10  cat /etc/os-release[-a
   11  cat /etc/os-release -a
   12  cat /etc/os-release[VERSION_ID]
   13  cat /etc/os-release{VERSION_ID}
   14  cat /etc/os-release/{VERSION_ID}
   15  cat /etc/os-release-VERSION_ID
   16  lsb_realse -d
   17  lsb_release -d
   18  lsb_release -d >> Outputs/Q2/out_2.txt 
   19  pip list
   20  pip3 list
   21  python list
   22  python3  list
   23  sudo apt update 
   24  pip3
   25  pythom 3
   26  python3
   27  pip list
   28  sudo apt install python3-pip
   29* pip list >> 
   30  pip list >> Outputs/Q2/out_2.txt 
   31  git --version
   32  git
   33  git info
   34  git --info
   35  apt list
   36  sudo apt list --installed | grep git
   37  sudo apt list  | grep git
   38  git 
   39  git --version >> Outputs/Q2/out_2.txt
   40  javac
   41  sudo apt install openjdk-11-jdk-headless 
   42* java --version >> Outputs/
   43  java --version >> Outputs/Q2/out_2.txt
   44  curl -o Outputs/Q2/page1.html https://example.com
   45  curl -o Outputs/Q2/page2.html https://example.com
   46  nano Outputs/Q2/page2.html 
   47  nano Outputs/Q1/page2.html 
   48  nano Outputs/Q2/page1.html 
   49  history > History/history_2.log 
